<?xml version="1.0" encoding="UTF-8"?>
<testng-results ignored="0" total="3" passed="3" failed="0" skipped="0">
  <reporter-output>
  </reporter-output>
  <suite started-at="2023-07-31T12:51:35 IST" name="Default suite" finished-at="2023-07-31T12:51:39 IST" duration-ms="4322">
    <groups>
    </groups>
    <test started-at="2023-07-31T12:51:35 IST" name="Default test" finished-at="2023-07-31T12:51:39 IST" duration-ms="4322">
      <class name="extentReportexample.Imageexample">
        <test-method is-config="true" signature="launchingBrowser()[pri:0, instance:extentReportexample.Imageexample@a530d0a]" started-at="2023-07-31T12:51:33 IST" name="launchingBrowser" finished-at="2023-07-31T12:51:35 IST" duration-ms="1646" status="PASS">
          <reporter-output>
          </reporter-output>
        </test-method> <!-- launchingBrowser -->
        <test-method signature="OpenBrave()[pri:0, instance:extentReportexample.Imageexample@a530d0a]" started-at="2023-07-31T12:51:35 IST" name="OpenBrave" finished-at="2023-07-31T12:51:36 IST" duration-ms="1652" status="PASS">
          <reporter-output>
          </reporter-output>
        </test-method> <!-- OpenBrave -->
        <test-method signature="OpenGoogle()[pri:0, instance:extentReportexample.Imageexample@a530d0a]" started-at="2023-07-31T12:51:36 IST" name="OpenGoogle" finished-at="2023-07-31T12:51:38 IST" duration-ms="2040" status="PASS">
          <reporter-output>
          </reporter-output>
        </test-method> <!-- OpenGoogle -->
        <test-method signature="OpenWikipedia()[pri:0, instance:extentReportexample.Imageexample@a530d0a]" started-at="2023-07-31T12:51:38 IST" name="OpenWikipedia" finished-at="2023-07-31T12:51:39 IST" duration-ms="601" status="PASS">
          <reporter-output>
          </reporter-output>
        </test-method> <!-- OpenWikipedia -->
        <test-method is-config="true" signature="ClosingBrowser()[pri:0, instance:extentReportexample.Imageexample@a530d0a]" started-at="2023-07-31T12:51:39 IST" name="ClosingBrowser" finished-at="2023-07-31T12:51:39 IST" duration-ms="227" status="PASS">
          <reporter-output>
          </reporter-output>
        </test-method> <!-- ClosingBrowser -->
      </class> <!-- extentReportexample.Imageexample -->
    </test> <!-- Default test -->
  </suite> <!-- Default suite -->
</testng-results>
