<?xml version="1.0" encoding="UTF-8"?>
<!-- Generated by org.testng.reporters.JUnitXMLReporter -->
<testsuite ignored="0" hostname="NLPULTP7204778" failures="0" tests="3" name="Default test" time="4.322" errors="0" timestamp="2023-07-31T12:51:39 IST">
  <testcase classname="extentReportexample.Imageexample" name="OpenBrave" time="1.652"/>
  <testcase classname="extentReportexample.Imageexample" name="OpenGoogle" time="2.04"/>
  <testcase classname="extentReportexample.Imageexample" name="OpenWikipedia" time="0.601"/>
</testsuite> <!-- Default test -->
